<?xml version="1.0" encoding="UTF-8"?>
<!-- Generated by org.testng.reporters.JUnitReportReporter -->
<testsuite hostname="LAPTOP-9U712G8R" failures="0" tests="2" name="CucumberOptions.TestNGTestRunner" time="23.942" errors="0" timestamp="2024-04-11T15:53:36 AEST" skipped="0">
  <testcase classname="CucumberOptions.TestNGTestRunner" name="runScenario" time="11.762"/>
  <testcase classname="CucumberOptions.TestNGTestRunner" name="runScenario" time="12.180"/>
</testsuite> <!-- CucumberOptions.TestNGTestRunner -->
